Using pre-set license
Built from '2021.3/staging' branch; Version is '2021.3.1f1 (3b70a0754835) revision 3895456'; Using compiler version '192829333'; Build Type 'Release'
OS: 'Windows 10  (10.0.19044) 64bit Professional' Language: 'ru' Physical Memory: 8129 MB
BatchMode: 1, IsHumanControllingUs: 0, StartBugReporterOnCrash: 0, Is64bit: 1, IsPro: 1

COMMAND LINE ARGUMENTS:
K:\Unity Editor\2021.3.1f1\Editor\Unity.exe
-adb2
-batchMode
-noUpm
-name
AssetImportWorker0
-projectPath
K:/Unity Projects/FPS/FirstFPS
-logFile
Logs/AssetImportWorker0.log
-srvPort
63484
Successfully changed project path to: K:/Unity Projects/FPS/FirstFPS
K:/Unity Projects/FPS/FirstFPS
[UnityMemory] Configuration Parameters - Can be set up in boot.config
    "memorysetup-bucket-allocator-granularity=16"
    "memorysetup-bucket-allocator-bucket-count=8"
    "memorysetup-bucket-allocator-block-size=33554432"
    "memorysetup-bucket-allocator-block-count=8"
    "memorysetup-main-allocator-block-size=16777216"
    "memorysetup-thread-allocator-block-size=16777216"
    "memorysetup-gfx-main-allocator-block-size=16777216"
    "memorysetup-gfx-thread-allocator-block-size=16777216"
    "memorysetup-cache-allocator-block-size=4194304"
    "memorysetup-typetree-allocator-block-size=2097152"
    "memorysetup-profiler-bucket-allocator-granularity=16"
    "memorysetup-profiler-bucket-allocator-bucket-count=8"
    "memorysetup-profiler-bucket-allocator-block-size=33554432"
    "memorysetup-profiler-bucket-allocator-block-count=8"
    "memorysetup-profiler-allocator-block-size=16777216"
    "memorysetup-profiler-editor-allocator-block-size=1048576"
    "memorysetup-temp-allocator-size-main=16777216"
    "memorysetup-job-temp-allocator-block-size=2097152"
    "memorysetup-job-temp-allocator-block-size-background=1048576"
    "memorysetup-job-temp-allocator-reduction-small-platforms=262144"
    "memorysetup-temp-allocator-size-background-worker=32768"
    "memorysetup-temp-allocator-size-job-worker=262144"
    "memorysetup-temp-allocator-size-preload-manager=33554432"
    "memorysetup-temp-allocator-size-nav-mesh-worker=65536"
    "memorysetup-temp-allocator-size-audio-worker=65536"
    "memorysetup-temp-allocator-size-cloud-worker=32768"
    "memorysetup-temp-allocator-size-gi-baking-worker=262144"
    "memorysetup-temp-allocator-size-gfx=262144"
Refreshing native plugins compatible for Editor in 87.62 ms, found 3 plugins.
Preloading 0 native plugins for Editor in 0.00 ms.
Initialize engine version: 2021.3.1f1 (3b70a0754835)
[Subsystems] Discovering subsystems at path K:/Unity Editor/2021.3.1f1/Editor/Data/Resources/UnitySubsystems
[Subsystems] Discovering subsystems at path K:/Unity Projects/FPS/FirstFPS/Assets
GfxDevice: creating device client; threaded=0; jobified=0
Direct3D:
    Version:  Direct3D 11.0 [level 11.1]
    Renderer: AMD Radeon R7 240 Series (ID=0x6617)
    Vendor:   ATI
    VRAM:     2028 MB
    Driver:   27.20.21002.112
Initialize mono
Mono path[0] = 'K:/Unity Editor/2021.3.1f1/Editor/Data/Managed'
Mono path[1] = 'K:/Unity Editor/2021.3.1f1/Editor/Data/MonoBleedingEdge/lib/mono/unityjit-win32'
Mono config path = 'K:/Unity Editor/2021.3.1f1/Editor/Data/MonoBleedingEdge/etc'
Using monoOptions --debugger-agent=transport=dt_socket,embedding=1,server=y,suspend=n,address=127.0.0.1:56716
Begin MonoManager ReloadAssembly
Registering precompiled unity dll's ...
Register platform support module: K:/Unity Editor/2021.3.1f1/Editor/Data/PlaybackEngines/WebGLSupport/UnityEditor.WebGL.Extensions.dll
Register platform support module: K:/Unity Editor/2021.3.1f1/Editor/Data/PlaybackEngines/AndroidPlayer/UnityEditor.Android.Extensions.dll
Register platform support module: K:/Unity Editor/2021.3.1f1/Editor/Data/PlaybackEngines/WindowsStandaloneSupport/UnityEditor.WindowsStandalone.Extensions.dll
Registered in 0.003341 seconds.
Native extension for WindowsStandalone target not found
Native extension for Android target not found
Native extension for WebGL target not found
Refreshing native plugins compatible for Editor in 96.51 ms, found 3 plugins.
Preloading 0 native plugins for Editor in 0.00 ms.
Mono: successfully reloaded assembly
- Completed reload, in  0.895 seconds
Domain Reload Profiling:
	ReloadAssembly (896ms)
		BeginReloadAssembly (91ms)
			ExecutionOrderSort (0ms)
			DisableScriptedObjects (0ms)
			BackupInstance (0ms)
			ReleaseScriptingObjects (0ms)
			CreateAndSetChildDomain (1ms)
		EndReloadAssembly (678ms)
			LoadAssemblies (90ms)
			RebuildTransferFunctionScriptingTraits (0ms)
			SetupTypeCache (136ms)
			ReleaseScriptCaches (0ms)
			RebuildScriptCaches (37ms)
			SetupLoadedEditorAssemblies (437ms)
				LogAssemblyErrors (0ms)
				InitializePlatformSupportModulesInManaged (74ms)
				SetLoadedEditorAssemblies (0ms)
				RefreshPlugins (97ms)
				BeforeProcessingInitializeOnLoad (2ms)
				ProcessInitializeOnLoadAttributes (207ms)
				ProcessInitializeOnLoadMethodAttributes (58ms)
				AfterProcessingInitializeOnLoad (0ms)
				EditorAssembliesLoaded (0ms)
			ExecutionOrderSort2 (0ms)
			AwakeInstancesAfterBackupRestoration (0ms)
Platform modules already initialized, skipping
Registering precompiled user dll's ...
Registered in 0.003178 seconds.
Begin MonoManager ReloadAssembly
Symbol file LoadedFromMemory doesn't match image K:\Unity Projects\FPS\FirstFPS\Library\PackageCache\com.unity.visualscripting@1.7.6\Editor\VisualScripting.Core\Dependencies\YamlDotNet\Unity.VisualScripting.YamlDotNet.dll
Symbol file LoadedFromMemory is not a mono symbol file
Symbol file LoadedFromMemory doesn't match image K:\Unity Projects\FPS\FirstFPS\Library\PackageCache\com.unity.visualscripting@1.7.6\Editor\VisualScripting.Core\Dependencies\DotNetZip\Unity.VisualScripting.IonicZip.dll
Native extension for WindowsStandalone target not found
Native extension for Android target not found
Native extension for WebGL target not found
Refreshing native plugins compatible for Editor in 0.62 ms, found 3 plugins.
Preloading 0 native plugins for Editor in 0.00 ms.
Mono: successfully reloaded assembly
- Completed reload, in  1.358 seconds
Domain Reload Profiling:
	ReloadAssembly (1359ms)
		BeginReloadAssembly (253ms)
			ExecutionOrderSort (0ms)
			DisableScriptedObjects (10ms)
			BackupInstance (0ms)
			ReleaseScriptingObjects (0ms)
			CreateAndSetChildDomain (132ms)
		EndReloadAssembly (969ms)
			LoadAssemblies (113ms)
			RebuildTransferFunctionScriptingTraits (0ms)
			SetupTypeCache (319ms)
			ReleaseScriptCaches (1ms)
			RebuildScriptCaches (57ms)
			SetupLoadedEditorAssemblies (424ms)
				LogAssemblyErrors (0ms)
				InitializePlatformSupportModulesInManaged (15ms)
				SetLoadedEditorAssemblies (0ms)
				RefreshPlugins (1ms)
				BeforeProcessingInitializeOnLoad (92ms)
				ProcessInitializeOnLoadAttributes (288ms)
				ProcessInitializeOnLoadMethodAttributes (25ms)
				AfterProcessingInitializeOnLoad (3ms)
				EditorAssembliesLoaded (0ms)
			ExecutionOrderSort2 (0ms)
			AwakeInstancesAfterBackupRestoration (9ms)
Platform modules already initialized, skipping
========================================================================
Worker process is ready to serve import requests
Launched and connected shader compiler UnityShaderCompiler.exe after 0.07 seconds
Refreshing native plugins compatible for Editor in 0.93 ms, found 3 plugins.
Preloading 0 native plugins for Editor in 0.00 ms.
Unloading 3225 Unused Serialized files (Serialized files now loaded: 0)
Unloading 23 unused Assets / (112.2 KB). Loaded Objects now: 3687.
Memory consumption went from 112.1 MB to 112.0 MB.
Total: 9.066600 ms (FindLiveObjects: 0.418100 ms CreateObjectMapping: 0.416900 ms MarkObjects: 8.094400 ms  DeleteObjects: 0.135300 ms)

AssetImportParameters requested are different than current active one (requested -> active):
  custom:video-decoder-ogg-theora: a1e56fd34408186e4bbccfd4996cb3dc -> 
  custom:container-muxer-webm: aa71ff27fc2769a1b78a27578f13a17b -> 
  custom:container-demuxer-webm: 4f35f7cbe854078d1ac9338744f61a02 -> 
  custom:video-encoder-webm-vp8: eb34c28f22e8b96e1ab97ce403110664 -> 
  custom:audio-encoder-webm-vorbis: bf7c407c2cedff20999df2af8eb42d56 -> 
  custom:framework-win-MediaFoundation: 216162199b28c13a410421893ffa2e32 -> 
  custom:container-demuxer-ogg: 62fdf1f143b41e24485cea50d1cbac27 -> 
  custom:video-decoder-webm-vp8: 9c59270c3fd7afecdb556c50c9e8de78 -> 
  custom:audio-decoder-ogg-vorbis: bf7c407c2cedff20999df2af8eb42d56 -> 
========================================================================
Received Import Request.
  Time since last request: 11639.707553 seconds.
  path: Assets/Scenes
  artifactKey: Guid(6ea315d0fd7389c41b19996891e99ae3) Importer(815301076,1909f56bfc062723c751e8b465ee728b)
Start importing Assets/Scenes using Guid(6ea315d0fd7389c41b19996891e99ae3) Importer(815301076,1909f56bfc062723c751e8b465ee728b)  -> (artifact id: 'b8193726cff86800c54781cdc6d54904') in 0.012313 seconds 
========================================================================
Received Import Request.
  Time since last request: 0.000044 seconds.
  path: Assets/Scenes/SampleScene.unity
  artifactKey: Guid(9fc0d4010bbf28b4594072e72b8655ab) Importer(815301076,1909f56bfc062723c751e8b465ee728b)
Start importing Assets/Scenes/SampleScene.unity using Guid(9fc0d4010bbf28b4594072e72b8655ab) Importer(815301076,1909f56bfc062723c751e8b465ee728b)  -> (artifact id: 'e55ccaa32d8e5c1de03c07a5412c8c3c') in 0.007530 seconds 
========================================================================
Received Import Request.
  Time since last request: 6.969236 seconds.
  path: Assets/Scenes/Main.unity
  artifactKey: Guid(9fc0d4010bbf28b4594072e72b8655ab) Importer(815301076,1909f56bfc062723c751e8b465ee728b)
Start importing Assets/Scenes/Main.unity using Guid(9fc0d4010bbf28b4594072e72b8655ab) Importer(815301076,1909f56bfc062723c751e8b465ee728b)  -> (artifact id: 'e14c6db9487ef92a94dc58885498e97d') in 0.012547 seconds 
========================================================================
Received Import Request.
  Time since last request: 1479.703215 seconds.
  path: Assets/Doors/Prefabs
  artifactKey: Guid(0e650fdfb61f4fb4883926d8d0284f66) Importer(815301076,1909f56bfc062723c751e8b465ee728b)
Start importing Assets/Doors/Prefabs using Guid(0e650fdfb61f4fb4883926d8d0284f66) Importer(815301076,1909f56bfc062723c751e8b465ee728b)  -> (artifact id: '59631777dc1a0003aa168f7dbbeacb24') in 0.011852 seconds 
========================================================================
Received Import Request.
  Time since last request: 0.081891 seconds.
  path: Assets/Doors/Prefabs/door.prefab
  artifactKey: Guid(c3a2e9c7a879b7d41b29957e6f9ed6c0) Importer(815301076,1909f56bfc062723c751e8b465ee728b)
Start importing Assets/Doors/Prefabs/door.prefab using Guid(c3a2e9c7a879b7d41b29957e6f9ed6c0) Importer(815301076,1909f56bfc062723c751e8b465ee728b)  -> (artifact id: '2abbe1b1de096ac6047ff728d2f8da5e') in 0.286853 seconds 
========================================================================
Received Import Request.
  Time since last request: 0.000197 seconds.
  path: Assets/Doors/Prefabs/door_frame.prefab
  artifactKey: Guid(e5860c25af9af8b49bd5df070e4c9ce9) Importer(815301076,1909f56bfc062723c751e8b465ee728b)
Start importing Assets/Doors/Prefabs/door_frame.prefab using Guid(e5860c25af9af8b49bd5df070e4c9ce9) Importer(815301076,1909f56bfc062723c751e8b465ee728b)  -> (artifact id: 'bfda48e8fd3992a61569ea3d6a3329e5') in 0.024158 seconds 
========================================================================
Received Prepare
Registering precompiled user dll's ...
Registered in 0.004352 seconds.
Begin MonoManager ReloadAssembly
Symbol file LoadedFromMemory doesn't match image K:\Unity Projects\FPS\FirstFPS\Library\PackageCache\com.unity.visualscripting@1.7.6\Editor\VisualScripting.Core\Dependencies\YamlDotNet\Unity.VisualScripting.YamlDotNet.dll
Symbol file LoadedFromMemory is not a mono symbol file
Symbol file LoadedFromMemory doesn't match image K:\Unity Projects\FPS\FirstFPS\Library\PackageCache\com.unity.visualscripting@1.7.6\Editor\VisualScripting.Core\Dependencies\DotNetZip\Unity.VisualScripting.IonicZip.dll
Native extension for WindowsStandalone target not found
Native extension for Android target not found
Native extension for WebGL target not found
Refreshing native plugins compatible for Editor in 0.74 ms, found 3 plugins.
Preloading 0 native plugins for Editor in 0.00 ms.
Mono: successfully reloaded assembly
- Completed reload, in  1.243 seconds
Domain Reload Profiling:
	ReloadAssembly (1243ms)
		BeginReloadAssembly (166ms)
			ExecutionOrderSort (0ms)
			DisableScriptedObjects (7ms)
			BackupInstance (0ms)
			ReleaseScriptingObjects (0ms)
			CreateAndSetChildDomain (48ms)
		EndReloadAssembly (946ms)
			LoadAssemblies (112ms)
			RebuildTransferFunctionScriptingTraits (0ms)
			SetupTypeCache (344ms)
			ReleaseScriptCaches (1ms)
			RebuildScriptCaches (54ms)
			SetupLoadedEditorAssemblies (388ms)
				LogAssemblyErrors (0ms)
				InitializePlatformSupportModulesInManaged (28ms)
				SetLoadedEditorAssemblies (1ms)
				RefreshPlugins (1ms)
				BeforeProcessingInitializeOnLoad (71ms)
				ProcessInitializeOnLoadAttributes (251ms)
				ProcessInitializeOnLoadMethodAttributes (33ms)
				AfterProcessingInitializeOnLoad (3ms)
				EditorAssembliesLoaded (0ms)
			ExecutionOrderSort2 (0ms)
			AwakeInstancesAfterBackupRestoration (8ms)
Platform modules already initialized, skipping
Refreshing native plugins compatible for Editor in 1.84 ms, found 3 plugins.
Preloading 0 native plugins for Editor in 0.00 ms.
Unloading 3220 Unused Serialized files (Serialized files now loaded: 0)
Unloading 16 unused Assets / (78.9 KB). Loaded Objects now: 3697.
Memory consumption went from 116.7 MB to 116.7 MB.
Total: 2.925300 ms (FindLiveObjects: 0.271000 ms CreateObjectMapping: 0.239200 ms MarkObjects: 2.329200 ms  DeleteObjects: 0.084700 ms)

AssetImportParameters requested are different than current active one (requested -> active):
  custom:video-decoder-ogg-theora: a1e56fd34408186e4bbccfd4996cb3dc -> 
  custom:container-muxer-webm: aa71ff27fc2769a1b78a27578f13a17b -> 
  custom:container-demuxer-webm: 4f35f7cbe854078d1ac9338744f61a02 -> 
  custom:video-encoder-webm-vp8: eb34c28f22e8b96e1ab97ce403110664 -> 
  custom:audio-encoder-webm-vorbis: bf7c407c2cedff20999df2af8eb42d56 -> 
  custom:framework-win-MediaFoundation: 216162199b28c13a410421893ffa2e32 -> 
  custom:container-demuxer-ogg: 62fdf1f143b41e24485cea50d1cbac27 -> 
  custom:video-decoder-webm-vp8: 9c59270c3fd7afecdb556c50c9e8de78 -> 
  custom:audio-decoder-ogg-vorbis: bf7c407c2cedff20999df2af8eb42d56 -> 
========================================================================
Received Import Request.
  Time since last request: 1206.338940 seconds.
  path: Assets/Doors/Materials/door.mat
  artifactKey: Guid(4fd966256f003ef4caedd3192cb1a440) Importer(815301076,1909f56bfc062723c751e8b465ee728b)
Start importing Assets/Doors/Materials/door.mat using Guid(4fd966256f003ef4caedd3192cb1a440) Importer(815301076,1909f56bfc062723c751e8b465ee728b)  -> (artifact id: 'aa6bc5e42a20bc9407aa2bc935f6d72a') in 0.101916 seconds 
========================================================================
Received Import Request.
  Time since last request: 0.000060 seconds.
  path: Assets/Doors/Materials/door_frame.mat
  artifactKey: Guid(21499841eacb6984a8e1c644fe950572) Importer(815301076,1909f56bfc062723c751e8b465ee728b)
Start importing Assets/Doors/Materials/door_frame.mat using Guid(21499841eacb6984a8e1c644fe950572) Importer(815301076,1909f56bfc062723c751e8b465ee728b)  -> (artifact id: '63debfc77f5ad0ead97b60200370a3ef') in 0.023006 seconds 
========================================================================
Received Import Request.
  Time since last request: 1.584795 seconds.
  path: Assets/Doors/Models/door.FBX
  artifactKey: Guid(e6742bcf1c6e53248b7eca542e7c70e6) Importer(815301076,1909f56bfc062723c751e8b465ee728b)
Start importing Assets/Doors/Models/door.FBX using Guid(e6742bcf1c6e53248b7eca542e7c70e6) Importer(815301076,1909f56bfc062723c751e8b465ee728b)  -> (artifact id: '0bb5efa0c861a4c0055d9a5f6461696e') in 0.499816 seconds 
========================================================================
Received Import Request.
  Time since last request: 0.000026 seconds.
  path: Assets/Doors/Models/door_frame.FBX
  artifactKey: Guid(42da40569412bf6458481d3b103563de) Importer(815301076,1909f56bfc062723c751e8b465ee728b)
Start importing Assets/Doors/Models/door_frame.FBX using Guid(42da40569412bf6458481d3b103563de) Importer(815301076,1909f56bfc062723c751e8b465ee728b)  -> (artifact id: '718d03cdb16216938ca97120cf7a31aa') in 0.016263 seconds 
========================================================================
Received Import Request.
  Time since last request: 4.233660 seconds.
  path: Assets/Wood products/Materials/Barrel.mat
  artifactKey: Guid(a8f187f367467ae44b78e683238ffa5d) Importer(815301076,1909f56bfc062723c751e8b465ee728b)
Start importing Assets/Wood products/Materials/Barrel.mat using Guid(a8f187f367467ae44b78e683238ffa5d) Importer(815301076,1909f56bfc062723c751e8b465ee728b)  -> (artifact id: '9005e8645a152049eb1450489d7ed01c') in 0.247991 seconds 
========================================================================
Received Import Request.
  Time since last request: 0.000025 seconds.
  path: Assets/Wood products/Materials/Box.mat
  artifactKey: Guid(1fec9a42e3c016d4cbd9b37059b40752) Importer(815301076,1909f56bfc062723c751e8b465ee728b)
Start importing Assets/Wood products/Materials/Box.mat using Guid(1fec9a42e3c016d4cbd9b37059b40752) Importer(815301076,1909f56bfc062723c751e8b465ee728b)  -> (artifact id: 'bb127e10aa4376c87766734629b42f62') in 0.020117 seconds 
========================================================================
Received Import Request.
  Time since last request: 0.000036 seconds.
  path: Assets/Wood products/Materials/Doska.mat
  artifactKey: Guid(b6540734d6b6d1e4ab82190bddeb1c5a) Importer(815301076,1909f56bfc062723c751e8b465ee728b)
Start importing Assets/Wood products/Materials/Doska.mat using Guid(b6540734d6b6d1e4ab82190bddeb1c5a) Importer(815301076,1909f56bfc062723c751e8b465ee728b)  -> (artifact id: '20ad842362fbf9c3a15cb88c1ae265e6') in 0.019164 seconds 
========================================================================
Received Import Request.
  Time since last request: 0.000028 seconds.
  path: Assets/Wood products/Materials/Crate.mat
  artifactKey: Guid(97429fb59f97eff41870a03268f27a45) Importer(815301076,1909f56bfc062723c751e8b465ee728b)
Start importing Assets/Wood products/Materials/Crate.mat using Guid(97429fb59f97eff41870a03268f27a45) Importer(815301076,1909f56bfc062723c751e8b465ee728b)  -> (artifact id: 'b1d3b1e30891925ebb8e97a2e16859a6') in 0.234802 seconds 
========================================================================
Received Import Request.
  Time since last request: 0.000047 seconds.
  path: Assets/Wood products/Materials/Crate_big.mat
  artifactKey: Guid(b932dc2eaaa517c4aa0f8d6d7be5ef12) Importer(815301076,1909f56bfc062723c751e8b465ee728b)
Start importing Assets/Wood products/Materials/Crate_big.mat using Guid(b932dc2eaaa517c4aa0f8d6d7be5ef12) Importer(815301076,1909f56bfc062723c751e8b465ee728b)  -> (artifact id: '7f585ea78de2338c23f92ef76bc380ca') in 0.028751 seconds 
========================================================================
Received Import Request.
  Time since last request: 0.000053 seconds.
  path: Assets/Wood products/Materials/New Material.mat
  artifactKey: Guid(28e72034c501f53408481d4d8264408b) Importer(815301076,1909f56bfc062723c751e8b465ee728b)
Start importing Assets/Wood products/Materials/New Material.mat using Guid(28e72034c501f53408481d4d8264408b) Importer(815301076,1909f56bfc062723c751e8b465ee728b)  -> (artifact id: '77accac466af8e68f1370830e3b6217f') in 0.020586 seconds 
========================================================================
Received Import Request.
  Time since last request: 20.217016 seconds.
  path: Assets/Wood products/Textures/1_Scratched.jpg
  artifactKey: Guid(872044c7f963f3d45aa14fdf786a52bb) Importer(815301076,1909f56bfc062723c751e8b465ee728b)
Start importing Assets/Wood products/Textures/1_Scratched.jpg using Guid(872044c7f963f3d45aa14fdf786a52bb) Importer(815301076,1909f56bfc062723c751e8b465ee728b)  -> (artifact id: 'b12019ceaaf037815a3fb4e742535b8d') in 0.023749 seconds 
========================================================================
Received Import Request.
  Time since last request: 0.000020 seconds.
  path: Assets/Wood products/Textures/barrel_texture.png
  artifactKey: Guid(2fe42c9aa5d9d3b45b2d0b0dc45751ac) Importer(815301076,1909f56bfc062723c751e8b465ee728b)
Start importing Assets/Wood products/Textures/barrel_texture.png using Guid(2fe42c9aa5d9d3b45b2d0b0dc45751ac) Importer(815301076,1909f56bfc062723c751e8b465ee728b)  -> (artifact id: '1cabe8102b39fe60fb2db145264a139e') in 0.014753 seconds 
========================================================================
Received Import Request.
  Time since last request: 0.000020 seconds.
  path: Assets/Wood products/Textures/barrel_normals.png
  artifactKey: Guid(59fbe4d052c4b3b418704c0fc5536300) Importer(815301076,1909f56bfc062723c751e8b465ee728b)
Start importing Assets/Wood products/Textures/barrel_normals.png using Guid(59fbe4d052c4b3b418704c0fc5536300) Importer(815301076,1909f56bfc062723c751e8b465ee728b)  -> (artifact id: '3bf88da8bf318c8f6570d255b5809f53') in 0.022095 seconds 
========================================================================
Received Import Request.
  Time since last request: 0.000023 seconds.
  path: Assets/Wood products/Textures/crate_big_texture.png
  artifactKey: Guid(834204415f978d14bb8187e0fceefee3) Importer(815301076,1909f56bfc062723c751e8b465ee728b)
Start importing Assets/Wood products/Textures/crate_big_texture.png using Guid(834204415f978d14bb8187e0fceefee3) Importer(815301076,1909f56bfc062723c751e8b465ee728b)  -> (artifact id: '87363515078db3825d76e3fe591860c5') in 0.025966 seconds 
========================================================================
Received Import Request.
  Time since last request: 0.000026 seconds.
  path: Assets/Wood products/Textures/crate_normals.png
  artifactKey: Guid(fbe94115ae3bd0d4eae0a7c75050c976) Importer(815301076,1909f56bfc062723c751e8b465ee728b)
Start importing Assets/Wood products/Textures/crate_normals.png using Guid(fbe94115ae3bd0d4eae0a7c75050c976) Importer(815301076,1909f56bfc062723c751e8b465ee728b)  -> (artifact id: '20d096f86cbaf0fdfc5fd96d65a164bd') in 0.024338 seconds 
========================================================================
Received Import Request.
  Time since last request: 0.000035 seconds.
  path: Assets/Wood products/Textures/doska_normals.png
  artifactKey: Guid(32d8d4463b638ae48ae6c5caefd7cf09) Importer(815301076,1909f56bfc062723c751e8b465ee728b)
Start importing Assets/Wood products/Textures/doska_normals.png using Guid(32d8d4463b638ae48ae6c5caefd7cf09) Importer(815301076,1909f56bfc062723c751e8b465ee728b)  -> (artifact id: '2d2648a240da8e8d21ff6597573e47ab') in 0.022005 seconds 
========================================================================
Received Import Request.
  Time since last request: 0.000043 seconds.
  path: Assets/Wood products/Textures/textura_doska.png
  artifactKey: Guid(de8f37603440f994e86fe66f138b6afc) Importer(815301076,1909f56bfc062723c751e8b465ee728b)
Start importing Assets/Wood products/Textures/textura_doska.png using Guid(de8f37603440f994e86fe66f138b6afc) Importer(815301076,1909f56bfc062723c751e8b465ee728b)  -> (artifact id: '165471cf300ed9460f4c7541e48b78d0') in 0.021009 seconds 
========================================================================
Received Import Request.
  Time since last request: 0.000029 seconds.
  path: Assets/Wood products/Textures/crate_big_normals.png
  artifactKey: Guid(4a046882cac445d49a58d0ffd6f47f65) Importer(815301076,1909f56bfc062723c751e8b465ee728b)
Start importing Assets/Wood products/Textures/crate_big_normals.png using Guid(4a046882cac445d49a58d0ffd6f47f65) Importer(815301076,1909f56bfc062723c751e8b465ee728b)  -> (artifact id: '8b12afaa5a9213634221b74270dbaa89') in 0.024040 seconds 
========================================================================
Received Import Request.
  Time since last request: 0.000033 seconds.
  path: Assets/Wood products/Textures/box_normals.png
  artifactKey: Guid(6c9b4b45322407c4d99a8dc2fca66c12) Importer(815301076,1909f56bfc062723c751e8b465ee728b)
Start importing Assets/Wood products/Textures/box_normals.png using Guid(6c9b4b45322407c4d99a8dc2fca66c12) Importer(815301076,1909f56bfc062723c751e8b465ee728b)  -> (artifact id: 'd8f5db23788db7e1a29101fb58daf055') in 0.023508 seconds 
========================================================================
Received Import Request.
  Time since last request: 0.000025 seconds.
  path: Assets/Wood products/Textures/crate_texture.png
  artifactKey: Guid(80c4e5b7c50f4814a876d6f402aa99ba) Importer(815301076,1909f56bfc062723c751e8b465ee728b)
Start importing Assets/Wood products/Textures/crate_texture.png using Guid(80c4e5b7c50f4814a876d6f402aa99ba) Importer(815301076,1909f56bfc062723c751e8b465ee728b)  -> (artifact id: '026213a29835b640bf350c457e9ebcff') in 0.021988 seconds 
========================================================================
Received Import Request.
  Time since last request: 0.000035 seconds.
  path: Assets/Wood products/Textures/box_texture.png
  artifactKey: Guid(2d14c00ad4d5a05449e4586a1c9ca512) Importer(815301076,1909f56bfc062723c751e8b465ee728b)
Start importing Assets/Wood products/Textures/box_texture.png using Guid(2d14c00ad4d5a05449e4586a1c9ca512) Importer(815301076,1909f56bfc062723c751e8b465ee728b)  -> (artifact id: '4fbc11460d3bfda6df711ea679b3b538') in 0.021193 seconds 
========================================================================
Received Import Request.
  Time since last request: 183.532837 seconds.
  path: Assets/Materials
  artifactKey: Guid(322709328c43fe34aa6cf079d8f43288) Importer(815301076,1909f56bfc062723c751e8b465ee728b)
Start importing Assets/Materials using Guid(322709328c43fe34aa6cf079d8f43288) Importer(815301076,1909f56bfc062723c751e8b465ee728b)  -> (artifact id: '8d0017d16817670f55fda1dc0fb8b8d2') in 0.009008 seconds 
========================================================================
Received Import Request.
  Time since last request: 20.078303 seconds.
  path: Assets/Materials/New Material.mat
  artifactKey: Guid(6452cdfe2edf37942b15a8fa26b6eabd) Importer(815301076,1909f56bfc062723c751e8b465ee728b)
Start importing Assets/Materials/New Material.mat using Guid(6452cdfe2edf37942b15a8fa26b6eabd) Importer(815301076,1909f56bfc062723c751e8b465ee728b)  -> (artifact id: '9d986a35fdfac17287f5584a03fce70f') in 0.016602 seconds 
========================================================================
Received Import Request.
  Time since last request: 91.684202 seconds.
  path: Assets/Materials/Walls.mat
  artifactKey: Guid(6452cdfe2edf37942b15a8fa26b6eabd) Importer(815301076,1909f56bfc062723c751e8b465ee728b)
Start importing Assets/Materials/Walls.mat using Guid(6452cdfe2edf37942b15a8fa26b6eabd) Importer(815301076,1909f56bfc062723c751e8b465ee728b)  -> (artifact id: '5ccd17112ee961c1a356fa1e29ab0ce1') in 0.016004 seconds 
========================================================================
Received Import Request.
  Time since last request: 6.884663 seconds.
  path: Assets/Materials/New Material.mat
  artifactKey: Guid(274c641c8582cdb4bb029027e43837bb) Importer(815301076,1909f56bfc062723c751e8b465ee728b)
Start importing Assets/Materials/New Material.mat using Guid(274c641c8582cdb4bb029027e43837bb) Importer(815301076,1909f56bfc062723c751e8b465ee728b)  -> (artifact id: 'f2a43557f90edcaab336203cf1fe7059') in 0.012605 seconds 
========================================================================
Received Import Request.
  Time since last request: 22.272111 seconds.
  path: Assets/Materials/Cabin.mat
  artifactKey: Guid(274c641c8582cdb4bb029027e43837bb) Importer(815301076,1909f56bfc062723c751e8b465ee728b)
Start importing Assets/Materials/Cabin.mat using Guid(274c641c8582cdb4bb029027e43837bb) Importer(815301076,1909f56bfc062723c751e8b465ee728b)  -> (artifact id: '2e818d378425250f0a3a703113e639a6') in 0.014503 seconds 
========================================================================
Received Import Request.
  Time since last request: 391.872691 seconds.
  path: Assets/Dnk_Dev/HospitalHorrorPack
  artifactKey: Guid(8895ce3a67414754d885be21e52fb987) Importer(815301076,1909f56bfc062723c751e8b465ee728b)
Start importing Assets/Dnk_Dev/HospitalHorrorPack using Guid(8895ce3a67414754d885be21e52fb987) Importer(815301076,1909f56bfc062723c751e8b465ee728b)  -> (artifact id: '27e8d0776c0b3cc2cd8cab15009265ab') in 0.009123 seconds 
========================================================================
Received Import Request.
  Time since last request: 0.991401 seconds.
  path: Assets/Dnk_Dev/HospitalHorrorPack/Prefab
  artifactKey: Guid(895346604be8a9c4f90a21a4ffc68933) Importer(815301076,1909f56bfc062723c751e8b465ee728b)
Start importing Assets/Dnk_Dev/HospitalHorrorPack/Prefab using Guid(895346604be8a9c4f90a21a4ffc68933) Importer(815301076,1909f56bfc062723c751e8b465ee728b)  -> (artifact id: '30e8a2b614ca7c513c788fd691cfd772') in 0.009026 seconds 
========================================================================
Received Import Request.
  Time since last request: 0.046729 seconds.
  path: Assets/Dnk_Dev/HospitalHorrorPack/Prefab/P_Lamp.prefab
  artifactKey: Guid(dc8f3955c063af240afd23143f496335) Importer(815301076,1909f56bfc062723c751e8b465ee728b)
Start importing Assets/Dnk_Dev/HospitalHorrorPack/Prefab/P_Lamp.prefab using Guid(dc8f3955c063af240afd23143f496335) Importer(815301076,1909f56bfc062723c751e8b465ee728b)  -> (artifact id: '25b62759f690b30852e2cf14e307213e') in 0.008598 seconds 
========================================================================
Received Import Request.
  Time since last request: 54.524114 seconds.
  path: Assets/Wood products
  artifactKey: Guid(3b3ddd9cb1faa1e4cab5e7d38543c747) Importer(815301076,1909f56bfc062723c751e8b465ee728b)
Start importing Assets/Wood products using Guid(3b3ddd9cb1faa1e4cab5e7d38543c747) Importer(815301076,1909f56bfc062723c751e8b465ee728b)  -> (artifact id: '064a8e19adb52b268591d20abd328e92') in 0.009054 seconds 
========================================================================
Received Import Request.
  Time since last request: 12.052570 seconds.
  path: Assets/Dnk_Dev/HospitalHorrorPack/Prefab/P_Bed_01.prefab
  artifactKey: Guid(2ca85dfd1a5ba8d45b36c20053b13142) Importer(815301076,1909f56bfc062723c751e8b465ee728b)
Start importing Assets/Dnk_Dev/HospitalHorrorPack/Prefab/P_Bed_01.prefab using Guid(2ca85dfd1a5ba8d45b36c20053b13142) Importer(815301076,1909f56bfc062723c751e8b465ee728b)  -> (artifact id: 'ac6e588731729feb7a07d8df0dbed0df') in 0.589628 seconds 
========================================================================
Received Import Request.
  Time since last request: 0.000034 seconds.
  path: Assets/Dnk_Dev/HospitalHorrorPack/Prefab/P_Floor_02.prefab
  artifactKey: Guid(695e9c39c231cfa41a135e68073a9772) Importer(815301076,1909f56bfc062723c751e8b465ee728b)
Start importing Assets/Dnk_Dev/HospitalHorrorPack/Prefab/P_Floor_02.prefab using Guid(695e9c39c231cfa41a135e68073a9772) Importer(815301076,1909f56bfc062723c751e8b465ee728b)  -> (artifact id: '7365acee97806384fbc65740ed72a64c') in 0.031518 seconds 
========================================================================
Received Import Request.
  Time since last request: 0.000030 seconds.
  path: Assets/Dnk_Dev/HospitalHorrorPack/Prefab/P_Module_DoorRoom_01.prefab
  artifactKey: Guid(3889b3008743b404aba704ca0f2f2989) Importer(815301076,1909f56bfc062723c751e8b465ee728b)
Start importing Assets/Dnk_Dev/HospitalHorrorPack/Prefab/P_Module_DoorRoom_01.prefab using Guid(3889b3008743b404aba704ca0f2f2989) Importer(815301076,1909f56bfc062723c751e8b465ee728b)  -> (artifact id: 'c3332fd8210b667c643b9ed8c95bebea') in 0.596610 seconds 
========================================================================
Received Import Request.
  Time since last request: 0.000030 seconds.
  path: Assets/Dnk_Dev/HospitalHorrorPack/Prefab/P_Wall_02.prefab
  artifactKey: Guid(a71dd1fa6efddfa41990980cd044de47) Importer(815301076,1909f56bfc062723c751e8b465ee728b)
Start importing Assets/Dnk_Dev/HospitalHorrorPack/Prefab/P_Wall_02.prefab using Guid(a71dd1fa6efddfa41990980cd044de47) Importer(815301076,1909f56bfc062723c751e8b465ee728b)  -> (artifact id: '409c500d4be9fd5bcb3855e06063516c') in 0.027053 seconds 
========================================================================
Received Import Request.
  Time since last request: 0.000049 seconds.
  path: Assets/Dnk_Dev/HospitalHorrorPack/Prefab/P_Floor_01.prefab
  artifactKey: Guid(b826295956c65444987d7baae67c5858) Importer(815301076,1909f56bfc062723c751e8b465ee728b)
Start importing Assets/Dnk_Dev/HospitalHorrorPack/Prefab/P_Floor_01.prefab using Guid(b826295956c65444987d7baae67c5858) Importer(815301076,1909f56bfc062723c751e8b465ee728b)  -> (artifact id: '106711ef8a95c9211a315e3e9ea42236') in 0.025223 seconds 
========================================================================
Received Import Request.
  Time since last request: 0.000023 seconds.
  path: Assets/Dnk_Dev/HospitalHorrorPack/Prefab/P_BedBedding.prefab
  artifactKey: Guid(73dd7a893b9f3b547a73fc800af96e4f) Importer(815301076,1909f56bfc062723c751e8b465ee728b)
Start importing Assets/Dnk_Dev/HospitalHorrorPack/Prefab/P_BedBedding.prefab using Guid(73dd7a893b9f3b547a73fc800af96e4f) Importer(815301076,1909f56bfc062723c751e8b465ee728b)  -> (artifact id: '03d2effee30e88466734dae62b033207') in 0.344554 seconds 
========================================================================
Received Import Request.
  Time since last request: 0.000040 seconds.
  path: Assets/Dnk_Dev/HospitalHorrorPack/Prefab/P_Med_box_01.prefab
  artifactKey: Guid(eeefdd9044a28504abd5e39c9e8fe5d0) Importer(815301076,1909f56bfc062723c751e8b465ee728b)
Start importing Assets/Dnk_Dev/HospitalHorrorPack/Prefab/P_Med_box_01.prefab using Guid(eeefdd9044a28504abd5e39c9e8fe5d0) Importer(815301076,1909f56bfc062723c751e8b465ee728b)  -> (artifact id: '535006e91c1bdeb8e5c296cea56c8fa0') in 0.032481 seconds 
========================================================================
Received Import Request.
  Time since last request: 0.000031 seconds.
  path: Assets/Dnk_Dev/HospitalHorrorPack/Prefab/P_Ceiling_01.prefab
  artifactKey: Guid(b0f7abaadca23ea4d910efe028624076) Importer(815301076,1909f56bfc062723c751e8b465ee728b)
Start importing Assets/Dnk_Dev/HospitalHorrorPack/Prefab/P_Ceiling_01.prefab using Guid(b0f7abaadca23ea4d910efe028624076) Importer(815301076,1909f56bfc062723c751e8b465ee728b)  -> (artifact id: 'a237d3cf8a94606411c3c0a9c0b022a9') in 0.030427 seconds 
========================================================================
Received Import Request.
  Time since last request: 0.000030 seconds.
  path: Assets/Dnk_Dev/HospitalHorrorPack/Prefab/P_Column_01.prefab
  artifactKey: Guid(65968727b1724da49a554ba4d50f4ad4) Importer(815301076,1909f56bfc062723c751e8b465ee728b)
Start importing Assets/Dnk_Dev/HospitalHorrorPack/Prefab/P_Column_01.prefab using Guid(65968727b1724da49a554ba4d50f4ad4) Importer(815301076,1909f56bfc062723c751e8b465ee728b)  -> (artifact id: '56cc62bfaff2c287758e5a1c3deeb978') in 0.024372 seconds 
========================================================================
Received Import Request.
  Time since last request: 0.000036 seconds.
  path: Assets/Dnk_Dev/HospitalHorrorPack/Prefab/P_Door_01_.prefab
  artifactKey: Guid(df2f14ece3a3a0847aad4f1407b39c50) Importer(815301076,1909f56bfc062723c751e8b465ee728b)
Start importing Assets/Dnk_Dev/HospitalHorrorPack/Prefab/P_Door_01_.prefab using Guid(df2f14ece3a3a0847aad4f1407b39c50) Importer(815301076,1909f56bfc062723c751e8b465ee728b)  -> (artifact id: 'deaa82be82fd2a09cfb2fac9ef005e98') in 0.157747 seconds 
========================================================================
Received Import Request.
  Time since last request: 0.000024 seconds.
  path: Assets/Dnk_Dev/HospitalHorrorPack/Prefab/P_Wall_01.prefab
  artifactKey: Guid(a73967be39a7cc74ca310e8a9d9de82d) Importer(815301076,1909f56bfc062723c751e8b465ee728b)
Start importing Assets/Dnk_Dev/HospitalHorrorPack/Prefab/P_Wall_01.prefab using Guid(a73967be39a7cc74ca310e8a9d9de82d) Importer(815301076,1909f56bfc062723c751e8b465ee728b)  -> (artifact id: '46df6775dbbfd78888134aa8132a64cd') in 0.020037 seconds 
========================================================================
Received Import Request.
  Time since last request: 0.000029 seconds.
  path: Assets/Dnk_Dev/HospitalHorrorPack/Prefab/P_Door_01_Base.prefab
  artifactKey: Guid(6d0f69892e260164b9b56372f7556fdb) Importer(815301076,1909f56bfc062723c751e8b465ee728b)
Start importing Assets/Dnk_Dev/HospitalHorrorPack/Prefab/P_Door_01_Base.prefab using Guid(6d0f69892e260164b9b56372f7556fdb) Importer(815301076,1909f56bfc062723c751e8b465ee728b)  -> (artifact id: '72e15bed92112850a9aa8f1d3c82c234') in 0.020962 seconds 
========================================================================
Received Import Request.
  Time since last request: 0.000020 seconds.
  path: Assets/Dnk_Dev/HospitalHorrorPack/Prefab/P_Module_DoorRoom_02.prefab
  artifactKey: Guid(78dc1f2f7ef70c74a8ecfc380bab48be) Importer(815301076,1909f56bfc062723c751e8b465ee728b)
Start importing Assets/Dnk_Dev/HospitalHorrorPack/Prefab/P_Module_DoorRoom_02.prefab using Guid(78dc1f2f7ef70c74a8ecfc380bab48be) Importer(815301076,1909f56bfc062723c751e8b465ee728b)  -> (artifact id: '2a9cc9880964db16222984188b72552e') in 0.058099 seconds 
========================================================================
Received Import Request.
  Time since last request: 409.725192 seconds.
  path: Assets/Dnk_Dev/HospitalHorrorPack/Map_Hosp1.unity
  artifactKey: Guid(b6ca1756db6b14945b4116ce8880ae82) Importer(815301076,1909f56bfc062723c751e8b465ee728b)
Start importing Assets/Dnk_Dev/HospitalHorrorPack/Map_Hosp1.unity using Guid(b6ca1756db6b14945b4116ce8880ae82) Importer(815301076,1909f56bfc062723c751e8b465ee728b)  -> (artifact id: '137717875c692256d6f04b7972566e51') in 0.009448 seconds 
========================================================================
Received Import Request.
  Time since last request: 1.722160 seconds.
  path: Assets/Dnk_Dev/HospitalHorrorPack/Map_Hosp1Settings.lighting
  artifactKey: Guid(774e18cac95d552439b324ed7ac40073) Importer(815301076,1909f56bfc062723c751e8b465ee728b)
Start importing Assets/Dnk_Dev/HospitalHorrorPack/Map_Hosp1Settings.lighting using Guid(774e18cac95d552439b324ed7ac40073) Importer(815301076,1909f56bfc062723c751e8b465ee728b) LightingSettings: switching bake backend from 1 to 0.
 -> (artifact id: '92b22ae2c83f8327912bb7d16f5006a4') in 0.008919 seconds 
========================================================================
Received Import Request.
  Time since last request: 293.802997 seconds.
  path: Assets/Military target/mark.fbx
  artifactKey: Guid(69ac849705380e545b944862e45591c7) Importer(815301076,1909f56bfc062723c751e8b465ee728b)
Start importing Assets/Military target/mark.fbx using Guid(69ac849705380e545b944862e45591c7) Importer(815301076,1909f56bfc062723c751e8b465ee728b)  -> (artifact id: '3d8b6b76d70779148b26bcaa670a3237') in 0.029387 seconds 
========================================================================
Received Import Request.
  Time since last request: 0.000027 seconds.
  path: Assets/Military target/mark.obj
  artifactKey: Guid(891fa28b8b798634d8e1e9ca6e6593f0) Importer(815301076,1909f56bfc062723c751e8b465ee728b)
Start importing Assets/Military target/mark.obj using Guid(891fa28b8b798634d8e1e9ca6e6593f0) Importer(815301076,1909f56bfc062723c751e8b465ee728b)  -> (artifact id: '43d395da0eb0b29a4ca3ddcc6b43c08b') in 0.028346 seconds 
========================================================================
Received Import Request.
  Time since last request: 2.189898 seconds.
  path: Assets/Military target/Prefabs
  artifactKey: Guid(bd42d4315f39c9a47afbfd1142ec84dc) Importer(815301076,1909f56bfc062723c751e8b465ee728b)
Start importing Assets/Military target/Prefabs using Guid(bd42d4315f39c9a47afbfd1142ec84dc) Importer(815301076,1909f56bfc062723c751e8b465ee728b)  -> (artifact id: '729a4fe4788745b05c6f4b0c7f2c43b7') in 0.002349 seconds 
========================================================================
Received Import Request.
  Time since last request: 0.099494 seconds.
  path: Assets/Military target/Prefabs/Military target.prefab
  artifactKey: Guid(9437be881ad682348bd31aa228922027) Importer(815301076,1909f56bfc062723c751e8b465ee728b)
Start importing Assets/Military target/Prefabs/Military target.prefab using Guid(9437be881ad682348bd31aa228922027) Importer(815301076,1909f56bfc062723c751e8b465ee728b)  -> (artifact id: 'ba6c29d91478a533cd82c6f84d25417a') in 0.128859 seconds 
========================================================================
Received Import Request.
  Time since last request: 1709.750996 seconds.
  path: Assets/Dnk_Dev/HospitalHorrorPack/Models/SM_Bed_01.obj
  artifactKey: Guid(b47f5c9ac3a4adc4582f259efbe3c8e5) Importer(815301076,1909f56bfc062723c751e8b465ee728b)
Start importing Assets/Dnk_Dev/HospitalHorrorPack/Models/SM_Bed_01.obj using Guid(b47f5c9ac3a4adc4582f259efbe3c8e5) Importer(815301076,1909f56bfc062723c751e8b465ee728b)  -> (artifact id: '8d46283032bc0e81cac23a3c81915074') in 0.080943 seconds 
========================================================================
Received Import Request.
  Time since last request: 0.000042 seconds.
  path: Assets/Dnk_Dev/HospitalHorrorPack/Models/SM_Floor_02.obj
  artifactKey: Guid(2ec12a10dd1a99b498eec7fd09146b7b) Importer(815301076,1909f56bfc062723c751e8b465ee728b)
Start importing Assets/Dnk_Dev/HospitalHorrorPack/Models/SM_Floor_02.obj using Guid(2ec12a10dd1a99b498eec7fd09146b7b) Importer(815301076,1909f56bfc062723c751e8b465ee728b)  -> (artifact id: 'ed969ac57e7e8a08c79b8c0b78a0887a') in 0.044652 seconds 
========================================================================
Received Import Request.
  Time since last request: 0.000042 seconds.
  path: Assets/Dnk_Dev/HospitalHorrorPack/Models/SM_Lamp.obj
  artifactKey: Guid(99d1229755c80d54d975792177cdddee) Importer(815301076,1909f56bfc062723c751e8b465ee728b)
Start importing Assets/Dnk_Dev/HospitalHorrorPack/Models/SM_Lamp.obj using Guid(99d1229755c80d54d975792177cdddee) Importer(815301076,1909f56bfc062723c751e8b465ee728b)  -> (artifact id: '2b57a82c44c2360a03dd04dc4c94e04e') in 0.034732 seconds 
========================================================================
Received Import Request.
  Time since last request: 0.000031 seconds.
  path: Assets/Dnk_Dev/HospitalHorrorPack/Models/SM_Floor_01.obj
  artifactKey: Guid(3565346867580db48870fbcfd66de77b) Importer(815301076,1909f56bfc062723c751e8b465ee728b)
Start importing Assets/Dnk_Dev/HospitalHorrorPack/Models/SM_Floor_01.obj using Guid(3565346867580db48870fbcfd66de77b) Importer(815301076,1909f56bfc062723c751e8b465ee728b)  -> (artifact id: 'f6b11f5766ed8e622daeca8dc2af0195') in 0.029097 seconds 
========================================================================
Received Import Request.
  Time since last request: 0.000041 seconds.
  path: Assets/Dnk_Dev/HospitalHorrorPack/Models/SM_Module_DoorRoom_01.obj
  artifactKey: Guid(0d79e6eeb6fa3724482d6c497796a964) Importer(815301076,1909f56bfc062723c751e8b465ee728b)
Start importing Assets/Dnk_Dev/HospitalHorrorPack/Models/SM_Module_DoorRoom_01.obj using Guid(0d79e6eeb6fa3724482d6c497796a964) Importer(815301076,1909f56bfc062723c751e8b465ee728b)  -> (artifact id: 'bfbcce8eb02cae3ab8a2e101387ae5ce') in 0.089909 seconds 
========================================================================
Received Import Request.
  Time since last request: 0.000038 seconds.
  path: Assets/Dnk_Dev/HospitalHorrorPack/Models/SM_Module_DoorRoom_02.obj
  artifactKey: Guid(2e7ceb9bdea64d749a31eaaf90027994) Importer(815301076,1909f56bfc062723c751e8b465ee728b)
Start importing Assets/Dnk_Dev/HospitalHorrorPack/Models/SM_Module_DoorRoom_02.obj using Guid(2e7ceb9bdea64d749a31eaaf90027994) Importer(815301076,1909f56bfc062723c751e8b465ee728b)  -> (artifact id: 'ebf8725d8ec9f49539d7b8eb1c36f050') in 0.174310 seconds 
========================================================================
Received Import Request.
  Time since last request: 0.000045 seconds.
  path: Assets/Dnk_Dev/HospitalHorrorPack/Models/SM_BedBedding_01.obj
  artifactKey: Guid(92a399879ec49094b8bd5109dd1d830e) Importer(815301076,1909f56bfc062723c751e8b465ee728b)
Start importing Assets/Dnk_Dev/HospitalHorrorPack/Models/SM_BedBedding_01.obj using Guid(92a399879ec49094b8bd5109dd1d830e) Importer(815301076,1909f56bfc062723c751e8b465ee728b)  -> (artifact id: '799f65cb059f3433032ca2334696a2df') in 0.024201 seconds 
========================================================================
Received Import Request.
  Time since last request: 0.000029 seconds.
  path: Assets/Dnk_Dev/HospitalHorrorPack/Models/SM_Wall_01.obj
  artifactKey: Guid(220440116ec5d2f4fa6d4c4b8a9e095b) Importer(815301076,1909f56bfc062723c751e8b465ee728b)
Start importing Assets/Dnk_Dev/HospitalHorrorPack/Models/SM_Wall_01.obj using Guid(220440116ec5d2f4fa6d4c4b8a9e095b) Importer(815301076,1909f56bfc062723c751e8b465ee728b)  -> (artifact id: '861bd65f61e0222df87647330e9dfd45') in 0.058921 seconds 
========================================================================
Received Import Request.
  Time since last request: 0.000038 seconds.
  path: Assets/Dnk_Dev/HospitalHorrorPack/Models/SM_Med_box_01.FBX
  artifactKey: Guid(18ce9342c786442408d15b750748b72c) Importer(815301076,1909f56bfc062723c751e8b465ee728b)
Start importing Assets/Dnk_Dev/HospitalHorrorPack/Models/SM_Med_box_01.FBX using Guid(18ce9342c786442408d15b750748b72c) Importer(815301076,1909f56bfc062723c751e8b465ee728b)  -> (artifact id: 'cd979dd6d6d5ef78050df5aab28bf0e6') in 0.033851 seconds 
========================================================================
Received Import Request.
  Time since last request: 0.000029 seconds.
  path: Assets/Dnk_Dev/HospitalHorrorPack/Models/SM_Wall_02.obj
  artifactKey: Guid(2e7a8487ab4626741848c28337daebd1) Importer(815301076,1909f56bfc062723c751e8b465ee728b)
Start importing Assets/Dnk_Dev/HospitalHorrorPack/Models/SM_Wall_02.obj using Guid(2e7a8487ab4626741848c28337daebd1) Importer(815301076,1909f56bfc062723c751e8b465ee728b)  -> (artifact id: '51988f68c9c5c1cf3bd6440830d3658d') in 0.059137 seconds 
========================================================================
Received Import Request.
  Time since last request: 0.000021 seconds.
  path: Assets/Dnk_Dev/HospitalHorrorPack/Models/SM_Ceiling_01.obj
  artifactKey: Guid(fb6d3eae3b4e46e46a8b71b5faa7e6a3) Importer(815301076,1909f56bfc062723c751e8b465ee728b)
Start importing Assets/Dnk_Dev/HospitalHorrorPack/Models/SM_Ceiling_01.obj using Guid(fb6d3eae3b4e46e46a8b71b5faa7e6a3) Importer(815301076,1909f56bfc062723c751e8b465ee728b)  -> (artifact id: '4aa2fbad22532aaac6bfd8681735da45') in 0.039978 seconds 
========================================================================
Received Import Request.
  Time since last request: 0.000024 seconds.
  path: Assets/Dnk_Dev/HospitalHorrorPack/Models/SM_Door_01.obj
  artifactKey: Guid(8c088c51437f8e84c8ccf368945d30c0) Importer(815301076,1909f56bfc062723c751e8b465ee728b)
Start importing Assets/Dnk_Dev/HospitalHorrorPack/Models/SM_Door_01.obj using Guid(8c088c51437f8e84c8ccf368945d30c0) Importer(815301076,1909f56bfc062723c751e8b465ee728b)  -> (artifact id: '639b8a6ee359d6ec47adfda3db46d9d0') in 0.054733 seconds 
========================================================================
Received Import Request.
  Time since last request: 0.000029 seconds.
  path: Assets/Dnk_Dev/HospitalHorrorPack/Models/SM_Column_01.FBX
  artifactKey: Guid(9287a4cf151cef34fb2bf51cfb3565a7) Importer(815301076,1909f56bfc062723c751e8b465ee728b)
Start importing Assets/Dnk_Dev/HospitalHorrorPack/Models/SM_Column_01.FBX using Guid(9287a4cf151cef34fb2bf51cfb3565a7) Importer(815301076,1909f56bfc062723c751e8b465ee728b)  -> (artifact id: '019bdb703cf41647c22fd47ad3852b38') in 0.070490 seconds 
